This is pdfTeX, Version 3.14159265-2.6-1.40.16 (TeX Live 2015/MacPorts 2015_5) (preloaded format=latex 2015.10.17)  11 NOV 2015 15:41
entering extended mode
 restricted \write18 enabled.
 file:line:error style messages enabled.
 %&-line parsing enabled.
**phaethon.tex
(./phaethon.tex
LaTeX2e <2015/01/01>
Babel <3.9l> and hyphenation patterns for 44 languages loaded.
(/opt/local/share/texmf-texlive/tex/latex/base/article.cls
Document Class: article 2014/09/29 v1.4h Standard LaTeX document class
(/opt/local/share/texmf-texlive/tex/latex/base/size12.clo
File: size12.clo 2014/09/29 v1.4h Standard LaTeX file (size option)
)
\c@part=\count79
\c@section=\count80
\c@subsection=\count81
\c@subsubsection=\count82
\c@paragraph=\count83
\c@subparagraph=\count84
\c@figure=\count85
\c@table=\count86
\abovecaptionskip=\skip41
\belowcaptionskip=\skip42
\bibindent=\dimen102
)
(/opt/local/share/texmf-texlive/tex/latex/graphics/graphicx.sty
Package: graphicx 2014/10/28 v1.0g Enhanced LaTeX Graphics (DPC,SPQR)

(/opt/local/share/texmf-texlive/tex/latex/graphics/keyval.sty
Package: keyval 2014/10/28 v1.15 key=value parser (DPC)
\KV@toks@=\toks14
)
(/opt/local/share/texmf-texlive/tex/latex/graphics/graphics.sty
Package: graphics 2014/10/28 v1.0p Standard LaTeX Graphics (DPC,SPQR)

(/opt/local/share/texmf-texlive/tex/latex/graphics/trig.sty
Package: trig 1999/03/16 v1.09 sin cos tan (DPC)
)
(/opt/local/share/texmf-texlive/tex/latex/latexconfig/graphics.cfg
File: graphics.cfg 2010/04/23 v1.9 graphics configuration of TeX Live
)
Package graphics Info: Driver file: dvips.def on input line 94.

(/opt/local/share/texmf-texlive/tex/latex/graphics/dvips.def
File: dvips.def 2014/10/14 v3.0j Driver-dependent file (DPC,SPQR)
))
\Gin@req@height=\dimen103
\Gin@req@width=\dimen104
)
(/opt/local/share/texmf-texlive/tex/latex/wrapfig/wrapfig.sty
\wrapoverhang=\dimen105
\WF@size=\dimen106
\c@WF@wrappedlines=\count87
\WF@box=\box26
\WF@everypar=\toks15
Package: wrapfig 2003/01/31  v 3.6
) (./phaethon.aux)
\openout1 = `phaethon.aux'.

LaTeX Font Info:    Checking defaults for OML/cmm/m/it on input line 17.
LaTeX Font Info:    ... okay on input line 17.
LaTeX Font Info:    Checking defaults for T1/cmr/m/n on input line 17.
LaTeX Font Info:    ... okay on input line 17.
LaTeX Font Info:    Checking defaults for OT1/cmr/m/n on input line 17.
LaTeX Font Info:    ... okay on input line 17.
LaTeX Font Info:    Checking defaults for OMS/cmsy/m/n on input line 17.
LaTeX Font Info:    ... okay on input line 17.
LaTeX Font Info:    Checking defaults for OMX/cmex/m/n on input line 17.
LaTeX Font Info:    ... okay on input line 17.
LaTeX Font Info:    Checking defaults for U/cmr/m/n on input line 17.
LaTeX Font Info:    ... okay on input line 17.
LaTeX Font Info:    External font `cmex10' loaded for size
(Font)              <14.4> on input line 24.
LaTeX Font Info:    External font `cmex10' loaded for size
(Font)              <7> on input line 24.
[1

]
LaTeX Font Info:    External font `cmex10' loaded for size
(Font)              <10.95> on input line 45.
LaTeX Font Info:    External font `cmex10' loaded for size
(Font)              <8> on input line 45.
LaTeX Font Info:    External font `cmex10' loaded for size
(Font)              <6> on input line 45.
 [2]
Overfull \hbox (0.58911pt too wide) in paragraph at lines 131--132
[]$[]$| 
 []


Overfull \hbox (0.58911pt too wide) in paragraph at lines 135--136
[]$[]$| 
 []


Overfull \hbox (0.58911pt too wide) in paragraph at lines 136--137
[]$[]$| 
 []


Overfull \hbox (29.83943pt too wide) in paragraph at lines 137--137
[]\OT1/cmr/m/n/10.95 $(PWD)/opacity.0H5[]0.1[]200| 
 []


Overfull \hbox (0.58911pt too wide) in paragraph at lines 137--138
[]$[]$| 
 []


Overfull \hbox (0.58911pt too wide) in paragraph at lines 138--139
[]$[]$| 
 []


Overfull \hbox (0.58911pt too wide) in paragraph at lines 139--140
[]$[]$| 
 []


Overfull \hbox (0.58911pt too wide) in paragraph at lines 143--144
[]$[]$| 
 []


Overfull \hbox (0.58911pt too wide) in paragraph at lines 144--145
[]$[]$| 
 []


Overfull \hbox (0.58911pt too wide) in paragraph at lines 148--149
[]$[]$| 
 []


Overfull \hbox (0.58911pt too wide) in paragraph at lines 149--150
[]$[]$| 
 []


Overfull \hbox (0.58911pt too wide) in paragraph at lines 150--151
[]$[]$| 
 []


Overfull \hbox (0.58911pt too wide) in paragraph at lines 151--152
[]$[]$| 
 []


Overfull \hbox (0.58911pt too wide) in paragraph at lines 152--153
[]$[]$| 
 []


Overfull \hbox (0.58911pt too wide) in paragraph at lines 153--154
[]$[]$| 
 []


Overfull \hbox (0.58911pt too wide) in paragraph at lines 154--155
[]$[]$| 
 []


Overfull \hbox (0.58911pt too wide) in paragraph at lines 155--156
[]$[]$| 
 []


Overfull \hbox (0.58911pt too wide) in paragraph at lines 156--157
[]$[]$| 
 []


Overfull \hbox (0.58911pt too wide) in paragraph at lines 159--160
[]$[]$| 
 []


Overfull \hbox (0.58911pt too wide) in paragraph at lines 164--165
[]$[]$| 
 []


Overfull \hbox (0.58911pt too wide) in paragraph at lines 167--168
[]$[]$| 
 []


Overfull \hbox (9.20839pt too wide) in paragraph at lines 170--170
[]\OT1/cmtt/m/n/10.95 INC[]SHADOW[]PHOTONS| 
 []


Underfull \hbox (badness 10000) in paragraph at lines 171--171
[]\OT1/cmr/m/n/10.95 length unit for in-put-ing in params.dat and
 []


Overfull \hbox (0.58911pt too wide) in paragraph at lines 171--172
[]$[]$| 
 []


Overfull \hbox (16.70177pt too wide) in paragraph at lines 121--175
 [][] 
 []

[3]
Overfull \vbox (6.628pt too high) has occurred while \output is active []

 [4]
Overfull \hbox (0.58911pt too wide) in paragraph at lines 189--190
[]$[]$| 
 []


Overfull \hbox (0.58911pt too wide) in paragraph at lines 190--191
[]$[]$| 
 []


Overfull \hbox (0.58911pt too wide) in paragraph at lines 191--192
[]$[]$| 
 []


Overfull \hbox (5.32085pt too wide) in paragraph at lines 179--194
 [][] 
 []


Overfull \hbox (0.58911pt too wide) in paragraph at lines 209--210
[]$[]$| 
 []


Overfull \hbox (0.58911pt too wide) in paragraph at lines 210--211
[]$[]$| 
 []


Overfull \hbox (0.58911pt too wide) in paragraph at lines 211--212
[]$[]$| 
 []


Overfull \hbox (0.58911pt too wide) in paragraph at lines 212--213
[]$[]$| 
 []


Overfull \hbox (0.58911pt too wide) in paragraph at lines 213--214
[]$[]$| 
 []


Overfull \hbox (12.11162pt too wide) in paragraph at lines 214--214
[]\OT1/cmtt/m/n/10.95 ISRF[]IGNORE[]SCATTER| 
 []


Overfull \hbox (0.58911pt too wide) in paragraph at lines 214--215
[]$[]$| 
 []


Overfull \hbox (0.58911pt too wide) in paragraph at lines 220--221
[]$[]$| 
 []


Overfull \hbox (0.58911pt too wide) in paragraph at lines 221--222
[]$[]$| 
 []


Overfull \hbox (0.58911pt too wide) in paragraph at lines 222--223
[]$[]$| 
 []


Overfull \hbox (0.58911pt too wide) in paragraph at lines 223--224
[]$[]$| 
 []


Overfull \hbox (0.58911pt too wide) in paragraph at lines 224--225
[]$[]$| 
 []


Overfull \hbox (0.58911pt too wide) in paragraph at lines 225--226
[]$[]$| 
 []


Overfull \hbox (0.58911pt too wide) in paragraph at lines 226--227
[]$[]$| 
 []


Overfull \hbox (0.58911pt too wide) in paragraph at lines 227--228
[]$[]$| 
 []


Overfull \hbox (0.58911pt too wide) in paragraph at lines 228--229
[]$[]$| 
 []


Overfull \hbox (5.32085pt too wide) in paragraph at lines 199--231
 [][] 
 []


Overfull \hbox (0.58911pt too wide) in paragraph at lines 246--247
[]$[]$| 
 []


Overfull \hbox (0.58911pt too wide) in paragraph at lines 248--249
[]$[]$| 
 []


Overfull \hbox (0.58911pt too wide) in paragraph at lines 249--250
[]$[]$| 
 []


Overfull \hbox (0.58911pt too wide) in paragraph at lines 250--251
[]$[]$| 
 []


Overfull \hbox (0.58911pt too wide) in paragraph at lines 251--252
[]$[]$| 
 []


Overfull \hbox (0.58911pt too wide) in paragraph at lines 252--253
[]$[]$| 
 []


Overfull \hbox (0.58911pt too wide) in paragraph at lines 253--254
[]$[]$| 
 []


Overfull \hbox (0.58911pt too wide) in paragraph at lines 254--255
[]$[]$| 
 []


Overfull \hbox (0.58911pt too wide) in paragraph at lines 255--256
[]$[]$| 
 []


Overfull \hbox (0.58911pt too wide) in paragraph at lines 256--257
[]$[]$| 
 []


Overfull \hbox (0.58911pt too wide) in paragraph at lines 257--258
[]$[]$| 
 []


Overfull \hbox (0.58911pt too wide) in paragraph at lines 258--259
[]$[]$| 
 []


Overfull \hbox (0.58911pt too wide) in paragraph at lines 259--260
[]$[]$| 
 []


Overfull \hbox (0.58911pt too wide) in paragraph at lines 260--261
[]$[]$| 
 []


Overfull \hbox (0.58911pt too wide) in paragraph at lines 261--262
[]$[]$| 
 []


Overfull \hbox (0.58911pt too wide) in paragraph at lines 262--263
[]$[]$| 
 []


Overfull \hbox (0.58911pt too wide) in paragraph at lines 263--264
[]$[]$| 
 []


Overfull \hbox (0.58911pt too wide) in paragraph at lines 264--265
[]$[]$| 
 []


Overfull \hbox (0.58911pt too wide) in paragraph at lines 265--266
[]$[]$| 
 []


Overfull \hbox (0.58911pt too wide) in paragraph at lines 266--267
[]$[]$| 
 []


Overfull \hbox (0.58911pt too wide) in paragraph at lines 267--268
[]$[]$| 
 []


Overfull \hbox (0.58911pt too wide) in paragraph at lines 268--269
[]$[]$| 
 []


Overfull \hbox (0.58911pt too wide) in paragraph at lines 269--270
[]$[]$| 
 []


Overfull \hbox (0.58911pt too wide) in paragraph at lines 270--271
[]$[]$| 
 []


Overfull \hbox (0.58911pt too wide) in paragraph at lines 271--272
[]$[]$| 
 []


Overfull \hbox (0.58911pt too wide) in paragraph at lines 272--273
[]$[]$| 
 []


Overfull \hbox (0.58911pt too wide) in paragraph at lines 273--274
[]$[]$| 
 []


Overfull \hbox (0.58911pt too wide) in paragraph at lines 274--275
[]$[]$| 
 []


Overfull \hbox (0.58911pt too wide) in paragraph at lines 275--276
[]$[]$| 
 []


Overfull \hbox (0.58911pt too wide) in paragraph at lines 276--277
[]$[]$| 
 []


Overfull \hbox (0.58911pt too wide) in paragraph at lines 277--278
[]$[]$| 
 []


Overfull \hbox (0.58911pt too wide) in paragraph at lines 278--279
[]$[]$| 
 []


Overfull \hbox (0.58911pt too wide) in paragraph at lines 279--280
[]$[]$| 
 []


Overfull \hbox (0.58911pt too wide) in paragraph at lines 280--281
[]$[]$| 
 []


Overfull \hbox (0.58911pt too wide) in paragraph at lines 281--282
[]$[]$| 
 []


Overfull \hbox (0.58911pt too wide) in paragraph at lines 282--283
[]$[]$| 
 []


Overfull \hbox (0.58911pt too wide) in paragraph at lines 283--284
[]$[]$| 
 []


Overfull \hbox (0.58911pt too wide) in paragraph at lines 284--285
[]$[]$| 
 []


Overfull \hbox (5.32085pt too wide) in paragraph at lines 236--287
 [][] 
 []

[5]
Overfull \hbox (5.32085pt too wide) in paragraph at lines 292--315
 [][] 
 []

[6] [7]
Overfull \hbox (0.58911pt too wide) in paragraph at lines 338--339
[]$[]$| 
 []


Overfull \hbox (0.58911pt too wide) in paragraph at lines 339--340
[]$[]$| 
 []


Overfull \hbox (0.58911pt too wide) in paragraph at lines 340--341
[]$[]$| 
 []


Overfull \hbox (0.58911pt too wide) in paragraph at lines 341--342
[]$[]$| 
 []


Overfull \hbox (0.58911pt too wide) in paragraph at lines 342--343
[]$[]$| 
 []


Overfull \hbox (0.58911pt too wide) in paragraph at lines 343--344
[]$[]$| 
 []


Overfull \hbox (0.58911pt too wide) in paragraph at lines 344--345
[]$[]$| 
 []


Overfull \hbox (0.58911pt too wide) in paragraph at lines 345--346
[]$[]$| 
 []


Overfull \hbox (0.58911pt too wide) in paragraph at lines 346--347
[]$[]$| 
 []


Overfull \hbox (0.58911pt too wide) in paragraph at lines 347--348
[]$[]$| 
 []


Overfull \hbox (0.58911pt too wide) in paragraph at lines 349--350
[]$[]$| 
 []


Overfull \hbox (0.58911pt too wide) in paragraph at lines 350--351
[]$[]$| 
 []


Overfull \hbox (0.58911pt too wide) in paragraph at lines 351--352
[]$[]$| 
 []


Overfull \hbox (0.58911pt too wide) in paragraph at lines 352--353
[]$[]$| 
 []


Overfull \hbox (0.58911pt too wide) in paragraph at lines 353--354
[]$[]$| 
 []


Overfull \hbox (0.58911pt too wide) in paragraph at lines 354--355
[]$[]$| 
 []


Overfull \hbox (0.58911pt too wide) in paragraph at lines 355--356
[]$[]$| 
 []


Overfull \hbox (0.58911pt too wide) in paragraph at lines 359--360
[]$[]$| 
 []


Overfull \hbox (0.58911pt too wide) in paragraph at lines 360--361
[]$[]$| 
 []


Overfull \hbox (0.58911pt too wide) in paragraph at lines 361--362
[]$[]$| 
 []


Overfull \hbox (0.58911pt too wide) in paragraph at lines 362--363
[]$[]$| 
 []


Overfull \hbox (0.58911pt too wide) in paragraph at lines 363--364
[]$[]$| 
 []


Underfull \hbox (badness 10000) in paragraph at lines 364--364
[]\OT1/cmr/m/n/10.95 the den-sity at an-gles (theta) out-side
 []


Overfull \hbox (0.58911pt too wide) in paragraph at lines 365--366
[]$[]$| 
 []


Overfull \hbox (0.58911pt too wide) in paragraph at lines 366--367
[]$[]$| 
 []


Overfull \hbox (0.58911pt too wide) in paragraph at lines 370--371
[]$[]$| 
 []


Overfull \hbox (0.58911pt too wide) in paragraph at lines 371--372
[]$[]$| 
 []


Overfull \hbox (0.58911pt too wide) in paragraph at lines 372--373
[]$[]$| 
 []


Overfull \hbox (0.58911pt too wide) in paragraph at lines 373--374
[]$[]$| 
 []


Overfull \hbox (22.39267pt too wide) in paragraph at lines 328--376
 [][] 
 []

[8] [9] (./phaethon.aux) ) 
Here is how much of TeX's memory you used:
 618 strings out of 494186
 7497 string characters out of 6156913
 92811 words of memory out of 5000000
 3984 multiletter control sequences out of 15000+600000
 9441 words of font info for 34 fonts, out of 8000000 for 9000
 430 hyphenation exceptions out of 8191
 25i,10n,19p,398b,195s stack positions out of 5000i,500n,10000p,200000b,80000s

Output written on phaethon.dvi (9 pages, 40036 bytes).
